This is pdfTeX, Version 3.141592653-2.6-1.40.22 (MiKTeX 21.6) (preloaded format=pdflatex 2021.6.22)  23 DEC 2021 10:10
entering extended mode
**./jade.tex
(jade.tex
LaTeX2e <2021-06-01>
L3 programming layer <2021-06-01> (sphinxmanual.cls
Document Class: sphinxmanual 2019/12/01 v2.3.0 Document class (Sphinx manual)
(C:\Users\d.laghi\AppData\Local\Programs\MiKTeX\tex/latex/base\report.cls
Document Class: report 2021/02/12 v1.4n Standard LaTeX document class
(C:\Users\d.laghi\AppData\Local\Programs\MiKTeX\tex/latex/base\size10.clo
File: size10.clo 2021/02/12 v1.4n Standard LaTeX file (size option)
)
\c@part=\count182
\c@chapter=\count183
\c@section=\count184
\c@subsection=\count185
\c@subsubsection=\count186
\c@paragraph=\count187
\c@subparagraph=\count188
\c@figure=\count189
\c@table=\count190
\abovecaptionskip=\skip47
\belowcaptionskip=\skip48
\bibindent=\dimen138
)
LaTeX Info: Redefining \and on input line 35.
)
(C:\Users\d.laghi\AppData\Local\Programs\MiKTeX\tex/latex/base\inputenc.sty
Package: inputenc 2021/02/14 v1.3d Input encoding file
\inpenc@prehook=\toks16
\inpenc@posthook=\toks17
)
   defining Unicode char U+00A0 (decimal 160)
   defining Unicode char U+2500 (decimal 9472)
   defining Unicode char U+2502 (decimal 9474)
   defining Unicode char U+2514 (decimal 9492)
   defining Unicode char U+251C (decimal 9500)
   defining Unicode char U+2572 (decimal 9586)

(C:\Users\d.laghi\AppData\Local\Programs\MiKTeX\tex/latex/cmap\cmap.sty
Package: cmap 2021/02/06 v1.0j CMap support: searchable PDF
)
(C:\Users\d.laghi\AppData\Local\Programs\MiKTeX\tex/latex/base\fontenc.sty
Package: fontenc 2021/04/29 v2.0v Standard LaTeX package
<<t1.cmap>>)
(C:\Users\d.laghi\AppData\Local\Programs\MiKTeX\tex/latex/amsmath\amsmath.sty
Package: amsmath 2021/04/20 v2.17j AMS math features
\@mathmargin=\skip49

For additional information on amsmath, use the `?' option.
(C:\Users\d.laghi\AppData\Local\Programs\MiKTeX\tex/latex/amsmath\amstext.sty
Package: amstext 2000/06/29 v2.01 AMS text

(C:\Users\d.laghi\AppData\Local\Programs\MiKTeX\tex/latex/amsmath\amsgen.sty
File: amsgen.sty 1999/11/30 v2.0 generic functions
\@emptytoks=\toks18
\ex@=\dimen139
))
(C:\Users\d.laghi\AppData\Local\Programs\MiKTeX\tex/latex/amsmath\amsbsy.sty
Package: amsbsy 1999/11/29 v1.2d Bold Symbols
\pmbraise@=\dimen140
)
(C:\Users\d.laghi\AppData\Local\Programs\MiKTeX\tex/latex/amsmath\amsopn.sty
Package: amsopn 2016/03/08 v2.02 operator names
)
\inf@bad=\count191
LaTeX Info: Redefining \frac on input line 234.
\uproot@=\count192
\leftroot@=\count193
LaTeX Info: Redefining \overline on input line 399.
\classnum@=\count194
\DOTSCASE@=\count195
LaTeX Info: Redefining \ldots on input line 496.
LaTeX Info: Redefining \dots on input line 499.
LaTeX Info: Redefining \cdots on input line 620.
\Mathstrutbox@=\box50
\strutbox@=\box51
\big@size=\dimen141
LaTeX Font Info:    Redeclaring font encoding OML on input line 743.
LaTeX Font Info:    Redeclaring font encoding OMS on input line 744.
\macc@depth=\count196
\c@MaxMatrixCols=\count197
\dotsspace@=\muskip16
\c@parentequation=\count198
\dspbrk@lvl=\count199
\tag@help=\toks19
\row@=\count266
\column@=\count267
\maxfields@=\count268
\andhelp@=\toks20
\eqnshift@=\dimen142
\alignsep@=\dimen143
\tagshift@=\dimen144
\tagwidth@=\dimen145
\totwidth@=\dimen146
\lineht@=\dimen147
\@envbody=\toks21
\multlinegap=\skip50
\multlinetaggap=\skip51
\mathdisplay@stack=\toks22
LaTeX Info: Redefining \[ on input line 2923.
LaTeX Info: Redefining \] on input line 2924.
)
(C:\Users\d.laghi\AppData\Local\Programs\MiKTeX\tex/latex/amsfonts\amssymb.sty
Package: amssymb 2013/01/14 v3.01 AMS font symbols

(C:\Users\d.laghi\AppData\Local\Programs\MiKTeX\tex/latex/amsfonts\amsfonts.sty
Package: amsfonts 2013/01/14 v3.01 Basic AMSFonts support
\symAMSa=\mathgroup4
\symAMSb=\mathgroup5
LaTeX Font Info:    Redeclaring math symbol \hbar on input line 98.
LaTeX Font Info:    Overwriting math alphabet `\mathfrak' in version `bold'
(Font)                  U/euf/m/n --> U/euf/b/n on input line 106.
)) (C:\Users\d.laghi\AppData\Local\Programs\MiKTeX\tex/generic/babel\babel.sty
Package: babel 2021/06/02 3.60 The Babel package

(C:\Users\d.laghi\AppData\Local\Programs\MiKTeX\tex/generic/babel\babel.def
File: babel.def 2021/06/02 3.60 Babel common definitions
\babel@savecnt=\count269
\U@D=\dimen148
\l@unhyphenated=\language79

(C:\Users\d.laghi\AppData\Local\Programs\MiKTeX\tex/generic/babel\txtbabel.def)
\bbl@readstream=\read2
)
\bbl@dirlevel=\count270

*************************************
* Local config file bblopts.cfg used
*
(C:\Users\d.laghi\AppData\Local\Programs\MiKTeX\tex/latex/arabi\bblopts.cfg
File: bblopts.cfg 2005/09/08 v0.1 add Arabic and Farsi to "declared" options of
 babel
)
(C:\Users\d.laghi\AppData\Local\Programs\MiKTeX\tex/latex/babel-english\english
.ldf
Language: english 2017/06/06 v3.3r English support from the babel system
Package babel Info: Hyphen rules for 'canadian' set to \l@english
(babel)             (\language0). Reported on input line 102.
Package babel Info: Hyphen rules for 'australian' set to \l@ukenglish
(babel)             (\language73). Reported on input line 105.
Package babel Info: Hyphen rules for 'newzealand' set to \l@ukenglish
(babel)             (\language73). Reported on input line 108.
))
(C:\Users\d.laghi\AppData\Local\Programs\MiKTeX\tex/latex/tex-gyre\tgtermes.sty
Package: tgtermes 2009/09/27 v1.2 TeX Gyre Termes as default roman family

(C:\Users\d.laghi\AppData\Local\Programs\MiKTeX\tex/latex/kvoptions\kvoptions.s
ty
Package: kvoptions 2020-10-07 v3.14 Key value format for package options (HO)

(C:\Users\d.laghi\AppData\Local\Programs\MiKTeX\tex/latex/graphics\keyval.sty
Package: keyval 2014/10/28 v1.15 key=value parser (DPC)
\KV@toks@=\toks23
)
(C:\Users\d.laghi\AppData\Local\Programs\MiKTeX\tex/generic/ltxcmds\ltxcmds.sty
Package: ltxcmds 2020-05-10 v1.25 LaTeX kernel commands for general use (HO)
)
(C:\Users\d.laghi\AppData\Local\Programs\MiKTeX\tex/generic/kvsetkeys\kvsetkeys
.sty
Package: kvsetkeys 2019/12/15 v1.18 Key value parser (HO)
)))
(C:\Users\d.laghi\AppData\Local\Programs\MiKTeX\tex/latex/tex-gyre\tgheros.sty
Package: tgheros 2009/09/27 v1.2 TeX Gyre Heros as default sans serif family
)
(C:\Users\d.laghi\AppData\Local\Programs\MiKTeX\tex/latex/fncychap\fncychap.sty
Package: fncychap 2007/07/30 v1.34 LaTeX package (Revised chapters)
\RW=\skip52
\mylen=\skip53
\myhi=\skip54
\px=\skip55
\py=\skip56
\pyy=\skip57
\pxx=\skip58
\c@AlphaCnt=\count271
\c@AlphaDecCnt=\count272
) (sphinx.sty
Package: sphinx 2021/01/27 v4.0.0 LaTeX package (Sphinx markup)

(C:\Users\d.laghi\AppData\Local\Programs\MiKTeX\tex/latex/xcolor\xcolor.sty
Package: xcolor 2016/05/11 v2.12 LaTeX color extensions (UK)

(C:\Users\d.laghi\AppData\Local\Programs\MiKTeX\tex/latex/graphics-cfg\color.cf
g
File: color.cfg 2016/01/02 v1.6 sample color configuration
)
Package xcolor Info: Driver file: pdftex.def on input line 225.

(C:\Users\d.laghi\AppData\Local\Programs\MiKTeX\tex/latex/graphics-def\pdftex.d
ef
File: pdftex.def 2020/10/05 v1.2a Graphics/color driver for pdftex
)
Package xcolor Info: Model `cmy' substituted by `cmy0' on input line 1348.
Package xcolor Info: Model `hsb' substituted by `rgb' on input line 1352.
Package xcolor Info: Model `RGB' extended on input line 1364.
Package xcolor Info: Model `HTML' substituted by `rgb' on input line 1366.
Package xcolor Info: Model `Hsb' substituted by `hsb' on input line 1367.
Package xcolor Info: Model `tHsb' substituted by `hsb' on input line 1368.
Package xcolor Info: Model `HSB' substituted by `hsb' on input line 1369.
Package xcolor Info: Model `Gray' substituted by `gray' on input line 1370.
Package xcolor Info: Model `wave' substituted by `hsb' on input line 1371.
)
\sphinxverbatimsep=\dimen149
\sphinxverbatimborder=\dimen150
\sphinxshadowsep=\dimen151
\sphinxshadowsize=\dimen152
\sphinxshadowrule=\dimen153
\spx@notice@border=\dimen154
 (sphinxoptionshyperref.sty
File: sphinxoptionshyperref.sty 2021/01/27 hyperref
) (sphinxoptionsgeometry.sty
File: sphinxoptionsgeometry.sty 2021/01/27 geometry
)
(C:\Users\d.laghi\AppData\Local\Programs\MiKTeX\tex/latex/base\textcomp.sty
Package: textcomp 2020/02/02 v2.0n Standard LaTeX package
)
(C:\Users\d.laghi\AppData\Local\Programs\MiKTeX\tex/latex/float\float.sty
Package: float 2001/11/08 v1.3d Float enhancements (AL)
\c@float@type=\count273
\float@exts=\toks24
\float@box=\box52
\@float@everytoks=\toks25
\@floatcapt=\box53
)
(C:\Users\d.laghi\AppData\Local\Programs\MiKTeX\tex/latex/wrapfig\wrapfig.sty
\wrapoverhang=\dimen155
\WF@size=\dimen156
\c@WF@wrappedlines=\count274
\WF@box=\box54
\WF@everypar=\toks26
Package: wrapfig 2003/01/31  v 3.6
)
(C:\Users\d.laghi\AppData\Local\Programs\MiKTeX\tex/latex/capt-of\capt-of.sty
Package: capt-of 2009/12/29 v0.2 standard captions outside of floats
)
(C:\Users\d.laghi\AppData\Local\Programs\MiKTeX\tex/latex/tools\multicol.sty
Package: multicol 2019/12/09 v1.8y multicolumn formatting (FMi)
\c@tracingmulticols=\count275
\mult@box=\box55
\multicol@leftmargin=\dimen157
\c@unbalance=\count276
\c@collectmore=\count277
\doublecol@number=\count278
\multicoltolerance=\count279
\multicolpretolerance=\count280
\full@width=\dimen158
\page@free=\dimen159
\premulticols=\dimen160
\postmulticols=\dimen161
\multicolsep=\skip59
\multicolbaselineskip=\skip60
\partial@page=\box56
\last@line=\box57
\maxbalancingoverflow=\dimen162
\mult@rightbox=\box58
\mult@grightbox=\box59
\mult@gfirstbox=\box60
\mult@firstbox=\box61
\@tempa=\box62
\@tempa=\box63
\@tempa=\box64
\@tempa=\box65
\@tempa=\box66
\@tempa=\box67
\@tempa=\box68
\@tempa=\box69
\@tempa=\box70
\@tempa=\box71
\@tempa=\box72
\@tempa=\box73
\@tempa=\box74
\@tempa=\box75
\@tempa=\box76
\@tempa=\box77
\@tempa=\box78
\@tempa=\box79
\@tempa=\box80
\@tempa=\box81
\@tempa=\box82
\@tempa=\box83
\@tempa=\box84
\@tempa=\box85
\@tempa=\box86
\@tempa=\box87
\@tempa=\box88
\@tempa=\box89
\@tempa=\box90
\@tempa=\box91
\@tempa=\box92
\@tempa=\box93
\@tempa=\box94
\@tempa=\box95
\@tempa=\box96
\@tempa=\box97
\@tempa=\box98
\c@minrows=\count281
\c@columnbadness=\count282
\c@finalcolumnbadness=\count283
\last@try=\dimen163
\multicolovershoot=\dimen164
\multicolundershoot=\dimen165
\mult@nat@firstbox=\box99
\colbreak@box=\box100
\mc@col@check@num=\count284
)
(C:\Users\d.laghi\AppData\Local\Programs\MiKTeX\tex/latex/graphics\graphicx.sty
Package: graphicx 2020/12/05 v1.2c Enhanced LaTeX Graphics (DPC,SPQR)

(C:\Users\d.laghi\AppData\Local\Programs\MiKTeX\tex/latex/graphics\graphics.sty
Package: graphics 2021/03/04 v1.4d Standard LaTeX Graphics (DPC,SPQR)
(C:\Users\d.laghi\AppData\Local\Programs\MiKTeX\tex/latex/graphics\trig.sty
Package: trig 2016/01/03 v1.10 sin cos tan (DPC)
)
(C:\Users\d.laghi\AppData\Local\Programs\MiKTeX\tex/latex/graphics-cfg\graphics
.cfg
File: graphics.cfg 2016/06/04 v1.11 sample graphics configuration
)
Package graphics Info: Driver file: pdftex.def on input line 107.
)
\Gin@req@height=\dimen166
\Gin@req@width=\dimen167
) (sphinxlatexgraphics.sty
File: sphinxlatexgraphics.sty 2021/01/27 graphics
\spx@image@maxheight=\dimen168
\spx@image@box=\box101
) (sphinxlatexadmonitions.sty
File: sphinxlatexadmonitions.sty 2021/01/27 admonitions

(C:\Users\d.laghi\AppData\Local\Programs\MiKTeX\tex/latex/framed\framed.sty
Package: framed 2011/10/22 v 0.96: framed or shaded text with page breaks
\OuterFrameSep=\skip61
\fb@frw=\dimen169
\fb@frh=\dimen170
\FrameRule=\dimen171
\FrameSep=\dimen172
))
(sphinxlatexliterals.sty
File: sphinxlatexliterals.sty 2021/01/27 code-blocks and parsed literals

(C:\Users\d.laghi\AppData\Local\Programs\MiKTeX\tex/latex/fancyvrb\fancyvrb.sty
Package: fancyvrb 2021/01/20 v3.7 verbatim text (tvz,hv)
\FV@CodeLineNo=\count285
\FV@InFile=\read3
\FV@TabBox=\box102
\c@FancyVerbLine=\count286
\FV@StepNumber=\count287
\FV@OutFile=\write3
) (C:\Users\d.laghi\AppData\Local\Programs\MiKTeX\tex/latex/base\alltt.sty
Package: alltt 2021/01/29 v2.0g defines alltt environment
)
(C:\Users\d.laghi\AppData\Local\Programs\MiKTeX\tex/latex/upquote\upquote.sty
Package: upquote 2012/04/19 v1.3 upright-quote and grave-accent glyphs in verba
tim
)
(C:\Users\d.laghi\AppData\Local\Programs\MiKTeX\tex/latex/needspace\needspace.s
ty
Package: needspace 2010/09/12 v1.3d reserve vertical space
)
\sphinxcontinuationbox=\box103
\sphinxvisiblespacebox=\box104
\sphinxVerbatim@TitleBox=\box105
\sphinxVerbatim@ContentsBox=\box106
\spx@scratchbox=\box107
) (sphinxlatexshadowbox.sty
File: sphinxlatexshadowbox.sty 2021/01/27 sphinxShadowBox
) (sphinxlatexcontainers.sty
File: sphinxlatexcontainers.sty 2021/05/03 containers
)
(sphinxhighlight.sty
Package: sphinxhighlight 2016/05/29 stylesheet for highlighting with pygments
) (sphinxlatextables.sty
File: sphinxlatextables.sty 2021/01/27 tables

(C:\Users\d.laghi\AppData\Local\Programs\MiKTeX\tex/latex/tabulary\tabulary.sty
Package: tabulary 2014/06/11 v0.10 tabulary package (DPC)
(C:\Users\d.laghi\AppData\Local\Programs\MiKTeX\tex/latex/tools\array.sty
Package: array 2021/04/20 v2.5e Tabular extension package (FMi)
\col@sep=\dimen173
\ar@mcellbox=\box108
\extrarowheight=\dimen174
\NC@list=\toks27
\extratabsurround=\skip62
\backup@length=\skip63
\ar@cellbox=\box109
)
\TY@count=\count288
\TY@linewidth=\dimen175
\tymin=\dimen176
\tymax=\dimen177
\TY@tablewidth=\dimen178
)
(C:\Users\d.laghi\AppData\Local\Programs\MiKTeX\tex/latex/tools\longtable.sty
Package: longtable 2021-05-07 v4.16 Multi-page Table package (DPC)
\LTleft=\skip64
\LTright=\skip65
\LTpre=\skip66
\LTpost=\skip67
\LTchunksize=\count289
\LTcapwidth=\dimen179
\LT@head=\box110
\LT@firsthead=\box111
\LT@foot=\box112
\LT@lastfoot=\box113
\LT@gbox=\box114
\LT@cols=\count290
\LT@rows=\count291
\c@LT@tables=\count292
\c@LT@chunks=\count293
\LT@p@ftn=\toks28
)
(C:\Users\d.laghi\AppData\Local\Programs\MiKTeX\tex/latex/varwidth\varwidth.sty
Package: varwidth 2009/03/30 ver 0.92;  Variable-width minipages
\@vwid@box=\box115
\sift@deathcycles=\count294
\@vwid@loff=\dimen180
\@vwid@roff=\dimen181
)
\sphinx@TY@tablewidth=\dimen182
) (sphinxlatexnumfig.sty
File: sphinxlatexnumfig.sty 2021/01/27 numbering
) (sphinxlatexlists.sty
File: sphinxlatexlists.sty 2021/01/27 lists
)
\c@sphinxscope=\count295
\c@sphinxexplicit=\count296
 (sphinxpackagefootnote.sty
Package: sphinxpackagefootnote 2021/02/04 v1.1d footnotehyper adapted to sphinx
 (Sphinx team)
\FNH@notes=\box116
\FNH@toks=\toks29
\FNH@width=\dimen183
)
(sphinxlatexindbibtoc.sty
File: sphinxlatexindbibtoc.sty 2021/01/27 index, bib., toc

(C:\Users\d.laghi\AppData\Local\Programs\MiKTeX\tex/latex/base\makeidx.sty
Package: makeidx 2014/09/29 v1.0m Standard LaTeX package
))
(sphinxlatexstylepage.sty
File: sphinxlatexstylepage.sty 2021/01/27 page styling

(C:\Users\d.laghi\AppData\Local\Programs\MiKTeX\tex/latex/parskip\parskip.sty
Rollback for package 'parskip' requested -> version 'v1'.
         This corresponds to the release introduced on 2001-04-09.

(C:\Users\d.laghi\AppData\Local\Programs\MiKTeX\tex/latex/parskip\parskip-2001-
04-09.sty
Package: parskip 2001/04/09 non-zero parskip adjustments
))
(C:\Users\d.laghi\AppData\Local\Programs\MiKTeX\tex/latex/fancyhdr\fancyhdr.sty
Package: fancyhdr 2021/01/28 v4.0.1 Extensive control of page headers and foote
rs
\f@nch@headwidth=\skip68
\f@nch@O@elh=\skip69
\f@nch@O@erh=\skip70
\f@nch@O@olh=\skip71
\f@nch@O@orh=\skip72
\f@nch@O@elf=\skip73
\f@nch@O@erf=\skip74
\f@nch@O@olf=\skip75
\f@nch@O@orf=\skip76
)) (sphinxlatexstyleheadings.sty
File: sphinxlatexstyleheadings.sty 2021/01/27 headings

(C:\Users\d.laghi\AppData\Local\Programs\MiKTeX\tex/latex/titlesec\titlesec.sty
Package: titlesec 2019/10/16 v2.13 Sectioning titles
\ttl@box=\box117
\beforetitleunit=\skip77
\aftertitleunit=\skip78
\ttl@plus=\dimen184
\ttl@minus=\dimen185
\ttl@toksa=\toks30
\titlewidth=\dimen186
\titlewidthlast=\dimen187
\titlewidthfirst=\dimen188
)) (sphinxlatexstyletext.sty
File: sphinxlatexstyletext.sty 2021/01/27 text styling
) (sphinxlatexobjects.sty
File: sphinxlatexobjects.sty 2021/01/27 documentation environments
\py@argswidth=\skip79
\lineblockindentation=\skip80
\DUlineblockindent=\skip81
))
(C:\Users\d.laghi\AppData\Local\Programs\MiKTeX\tex/latex/geometry\geometry.sty
Package: geometry 2020/01/02 v5.9 Page Geometry
(C:\Users\d.laghi\AppData\Local\Programs\MiKTeX\tex/generic/iftex\ifvtex.sty
Package: ifvtex 2019/10/25 v1.7 ifvtex legacy package. Use iftex instead.

(C:\Users\d.laghi\AppData\Local\Programs\MiKTeX\tex/generic/iftex\iftex.sty
Package: iftex 2020/03/06 v1.0d TeX engine tests
))
\Gm@cnth=\count297
\Gm@cntv=\count298
\c@Gm@tempcnt=\count299
\Gm@bindingoffset=\dimen189
\Gm@wd@mp=\dimen190
\Gm@odd@mp=\dimen191
\Gm@even@mp=\dimen192
\Gm@layoutwidth=\dimen193
\Gm@layoutheight=\dimen194
\Gm@layouthoffset=\dimen195
\Gm@layoutvoffset=\dimen196
\Gm@dimlist=\toks31

(C:\Users\d.laghi\AppData\Local\Programs\MiKTeX\tex/latex/geometry\geometry.cfg
))
(C:\Users\d.laghi\AppData\Local\Programs\MiKTeX\tex/latex/hyperref\hyperref.sty
Package: hyperref 2021-06-05 v7.00l Hypertext links for LaTeX

(C:\Users\d.laghi\AppData\Local\Programs\MiKTeX\tex/generic/pdftexcmds\pdftexcm
ds.sty
Package: pdftexcmds 2020-06-27 v0.33 Utility functions of pdfTeX for LuaTeX (HO
)

(C:\Users\d.laghi\AppData\Local\Programs\MiKTeX\tex/generic/infwarerr\infwarerr
.sty
Package: infwarerr 2019/12/03 v1.5 Providing info/warning/error messages (HO)
)
Package pdftexcmds Info: \pdf@primitive is available.
Package pdftexcmds Info: \pdf@ifprimitive is available.
Package pdftexcmds Info: \pdfdraftmode found.
)
(C:\Users\d.laghi\AppData\Local\Programs\MiKTeX\tex/generic/kvdefinekeys\kvdefi
nekeys.sty
Package: kvdefinekeys 2019-12-19 v1.6 Define keys (HO)
)
(C:\Users\d.laghi\AppData\Local\Programs\MiKTeX\tex/generic/pdfescape\pdfescape
.sty
Package: pdfescape 2019/12/09 v1.15 Implements pdfTeX's escape features (HO)
)
(C:\Users\d.laghi\AppData\Local\Programs\MiKTeX\tex/latex/hycolor\hycolor.sty
Package: hycolor 2020-01-27 v1.10 Color options for hyperref/bookmark (HO)
)
(C:\Users\d.laghi\AppData\Local\Programs\MiKTeX\tex/latex/letltxmacro\letltxmac
ro.sty
Package: letltxmacro 2019/12/03 v1.6 Let assignment for LaTeX macros (HO)
)
(C:\Users\d.laghi\AppData\Local\Programs\MiKTeX\tex/latex/auxhook\auxhook.sty
Package: auxhook 2019-12-17 v1.6 Hooks for auxiliary files (HO)
)
\@linkdim=\dimen197
\Hy@linkcounter=\count300
\Hy@pagecounter=\count301

(C:\Users\d.laghi\AppData\Local\Programs\MiKTeX\tex/latex/hyperref\pd1enc.def
File: pd1enc.def 2021-06-05 v7.00l Hyperref: PDFDocEncoding definition (HO)
Now handling font encoding PD1 ...
... no UTF-8 mapping file for font encoding PD1
)
(C:\Users\d.laghi\AppData\Local\Programs\MiKTeX\tex/latex/hyperref\hyperref-lan
gpatches.def
File: hyperref-langpatches.def 2021-06-05 v7.00l Hyperref: patches for babel la
nguages
)
(C:\Users\d.laghi\AppData\Local\Programs\MiKTeX\tex/generic/intcalc\intcalc.sty
Package: intcalc 2019/12/15 v1.3 Expandable calculations with integers (HO)
)
(C:\Users\d.laghi\AppData\Local\Programs\MiKTeX\tex/generic/etexcmds\etexcmds.s
ty
Package: etexcmds 2019/12/15 v1.7 Avoid name clashes with e-TeX commands (HO)
)
\Hy@SavedSpaceFactor=\count302

(C:\Users\d.laghi\AppData\Local\Programs\MiKTeX\tex/latex/hyperref\puenc.def
File: puenc.def 2021-06-05 v7.00l Hyperref: PDF Unicode definition (HO)
Now handling font encoding PU ...
... no UTF-8 mapping file for font encoding PU
)
Package hyperref Info: Option `unicode' set `true' on input line 4073.
Package hyperref Info: Option `colorlinks' set `true' on input line 4073.
Package hyperref Info: Option `breaklinks' set `true' on input line 4073.
Package hyperref Info: Hyper figures OFF on input line 4192.
Package hyperref Info: Link nesting OFF on input line 4197.
Package hyperref Info: Hyper index ON on input line 4200.
Package hyperref Info: Plain pages OFF on input line 4207.
Package hyperref Info: Backreferencing OFF on input line 4212.
Package hyperref Info: Implicit mode ON; LaTeX internals redefined.
Package hyperref Info: Bookmarks ON on input line 4445.
\c@Hy@tempcnt=\count303

(C:\Users\d.laghi\AppData\Local\Programs\MiKTeX\tex/latex/url\url.sty
\Urlmuskip=\muskip17
Package: url 2013/09/16  ver 3.4  Verb mode for urls, etc.
)
LaTeX Info: Redefining \url on input line 4804.
\XeTeXLinkMargin=\dimen198

(C:\Users\d.laghi\AppData\Local\Programs\MiKTeX\tex/generic/bitset\bitset.sty
Package: bitset 2019/12/09 v1.3 Handle bit-vector datatype (HO)

(C:\Users\d.laghi\AppData\Local\Programs\MiKTeX\tex/generic/bigintcalc\bigintca
lc.sty
Package: bigintcalc 2019/12/15 v1.5 Expandable calculations on big integers (HO
)
))
\Fld@menulength=\count304
\Field@Width=\dimen199
\Fld@charsize=\dimen256
Package hyperref Info: Hyper figures OFF on input line 6076.
Package hyperref Info: Link nesting OFF on input line 6081.
Package hyperref Info: Hyper index ON on input line 6084.
Package hyperref Info: backreferencing OFF on input line 6091.
Package hyperref Info: Link coloring ON on input line 6094.
Package hyperref Info: Link coloring with OCG OFF on input line 6101.
Package hyperref Info: PDF/A mode OFF on input line 6106.
LaTeX Info: Redefining \ref on input line 6146.
LaTeX Info: Redefining \pageref on input line 6150.

(C:\Users\d.laghi\AppData\Local\Programs\MiKTeX\tex/latex/base\atbegshi-ltx.sty
Package: atbegshi-ltx 2021/01/10 v1.0c Emulation of the original atbegshi
package with kernel methods
)
\Hy@abspage=\count305
\c@Item=\count306
\c@Hfootnote=\count307
)
Package hyperref Info: Driver (autodetected): hpdftex.

(C:\Users\d.laghi\AppData\Local\Programs\MiKTeX\tex/latex/hyperref\hpdftex.def
File: hpdftex.def 2021-06-05 v7.00l Hyperref driver for pdfTeX

(C:\Users\d.laghi\AppData\Local\Programs\MiKTeX\tex/latex/base\atveryend-ltx.st
y
Package: atveryend-ltx 2020/08/19 v1.0a Emulation of the original atvery packag
e
with kernel methods
)
\Fld@listcount=\count308
\c@bookmark@seq@number=\count309

(C:\Users\d.laghi\AppData\Local\Programs\MiKTeX\tex/latex/rerunfilecheck\rerunf
ilecheck.sty
Package: rerunfilecheck 2019/12/05 v1.9 Rerun checks for auxiliary files (HO)

(C:\Users\d.laghi\AppData\Local\Programs\MiKTeX\tex/generic/uniquecounter\uniqu
ecounter.sty
Package: uniquecounter 2019/12/15 v1.4 Provide unlimited unique counter (HO)
)
Package uniquecounter Info: New unique counter `rerunfilecheck' on input line 2
86.
)
\Hy@SectionHShift=\skip82
)
(C:\Users\d.laghi\AppData\Local\Programs\MiKTeX\tex/latex/oberdiek\hypcap.sty
Package: hypcap 2016/05/16 v1.12 Adjusting the anchors of captions (HO)
)
(sphinxmessages.sty
Package: sphinxmessages 2019/01/04 v2.0 Localized LaTeX macros (Sphinx team)
)
\@indexfile=\write4
\openout4 = `jade.idx'.


Writing index file jade.idx
LaTeX Font Info:    Trying to load font information for T1+qtm on input line 70
.
(C:\Users\d.laghi\AppData\Local\Programs\MiKTeX\tex/latex/tex-gyre\t1qtm.fd
File: t1qtm.fd 2009/09/25 v1.2 font definition file for T1/qtm
)
(C:\Users\d.laghi\AppData\Local\Programs\MiKTeX\tex/latex/l3backend\l3backend-p
dftex.def
File: l3backend-pdftex.def 2021-05-07 L3 backend support: PDF output (pdfTeX)
\l__color_backend_stack_int=\count310
\l__pdf_internal_box=\box118
) (jade.aux)
\openout1 = `jade.aux'.

LaTeX Font Info:    Checking defaults for OML/cmm/m/it on input line 70.
LaTeX Font Info:    ... okay on input line 70.
LaTeX Font Info:    Checking defaults for OMS/cmsy/m/n on input line 70.
LaTeX Font Info:    ... okay on input line 70.
LaTeX Font Info:    Checking defaults for OT1/cmr/m/n on input line 70.
LaTeX Font Info:    ... okay on input line 70.
LaTeX Font Info:    Checking defaults for T1/cmr/m/n on input line 70.
LaTeX Font Info:    ... okay on input line 70.
LaTeX Font Info:    Checking defaults for TS1/cmr/m/n on input line 70.
LaTeX Font Info:    ... okay on input line 70.
LaTeX Font Info:    Checking defaults for OMX/cmex/m/n on input line 70.
LaTeX Font Info:    ... okay on input line 70.
LaTeX Font Info:    Checking defaults for U/cmr/m/n on input line 70.
LaTeX Font Info:    ... okay on input line 70.
LaTeX Font Info:    Checking defaults for PD1/pdf/m/n on input line 70.
LaTeX Font Info:    ... okay on input line 70.
LaTeX Font Info:    Checking defaults for PU/pdf/m/n on input line 70.
LaTeX Font Info:    ... okay on input line 70.

(C:\Users\d.laghi\AppData\Local\Programs\MiKTeX\tex/context/base/mkii\supp-pdf.
mkii
[Loading MPS to PDF converter (version 2006.09.02).]
\scratchcounter=\count311
\scratchdimen=\dimen257
\scratchbox=\box119
\nofMPsegments=\count312
\nofMParguments=\count313
\everyMPshowfont=\toks32
\MPscratchCnt=\count314
\MPscratchDim=\dimen258
\MPnumerator=\count315
\makeMPintoPDFobject=\count316
\everyMPtoPDFconversion=\toks33
)
(C:\Users\d.laghi\AppData\Local\Programs\MiKTeX\tex/latex/epstopdf-pkg\epstopdf
-base.sty
Package: epstopdf-base 2020-01-24 v2.11 Base part for package epstopdf
Package epstopdf-base Info: Redefining graphics rule for `.eps' on input line 4
85.

(C:\Users\d.laghi\AppData\Local\Programs\MiKTeX\tex/latex/00miktex\epstopdf-sys
.cfg
File: epstopdf-sys.cfg 2021/03/18 v2.0 Configuration of epstopdf for MiKTeX
))
\c@literalblock=\count317

*geometry* driver: auto-detecting
*geometry* detected driver: pdftex
*geometry* verbose mode - [ preamble ] result:
* driver: pdftex
* paper: letterpaper
* layout: <same size as paper>
* layoutoffset:(h,v)=(0.0pt,0.0pt)
* modes: twoside 
* h-part:(L,W,R)=(72.26999pt, 469.75502pt, 72.26999pt)
* v-part:(T,H,B)=(72.26999pt, 650.43001pt, 72.26999pt)
* \paperwidth=614.295pt
* \paperheight=794.96999pt
* \textwidth=469.75502pt
* \textheight=650.43001pt
* \oddsidemargin=0.0pt
* \evensidemargin=0.0pt
* \topmargin=-37.0pt
* \headheight=12.0pt
* \headsep=25.0pt
* \topskip=10.0pt
* \footskip=30.0pt
* \marginparwidth=36.135pt
* \marginparsep=11.0pt
* \columnsep=10.0pt
* \skip\footins=9.0pt plus 4.0pt minus 2.0pt
* \hoffset=0.0pt
* \voffset=0.0pt
* \mag=1000
* \@twocolumnfalse
* \@twosidetrue
* \@mparswitchtrue
* \@reversemarginfalse
* (1in=72.27pt=25.4mm, 1cm=28.453pt)

Package hyperref Info: Link coloring ON on input line 70.
(C:\Users\d.laghi\AppData\Local\Programs\MiKTeX\tex/latex/hyperref\nameref.sty
Package: nameref 2021-04-02 v2.47 Cross-referencing by name of section

(C:\Users\d.laghi\AppData\Local\Programs\MiKTeX\tex/latex/refcount\refcount.sty
Package: refcount 2019/12/15 v3.6 Data extraction from label references (HO)
)
(C:\Users\d.laghi\AppData\Local\Programs\MiKTeX\tex/generic/gettitlestring\gett
itlestring.sty
Package: gettitlestring 2019/12/15 v1.6 Cleanup title references (HO)
)
\c@section@level=\count318
)
LaTeX Info: Redefining \ref on input line 70.
LaTeX Info: Redefining \pageref on input line 70.
LaTeX Info: Redefining \nameref on input line 70.
 (jade.out) (jade.out)
\@outlinefile=\write5
\openout5 = `jade.out'.

Package hyperref Info: Option `pageanchor' set `false' on input line 73.
LaTeX Font Info:    Trying to load font information for T1+qhv on input line 73
.

(C:\Users\d.laghi\AppData\Local\Programs\MiKTeX\tex/latex/tex-gyre\t1qhv.fd
File: t1qhv.fd 2009/09/25 v1.2 font definition file for T1/qhv
)<<ot1.cmap>><<oml.cmap>><<oms.cmap>><<omx.cmap>>
LaTeX Font Info:    Trying to load font information for U+msa on input line 73.


(C:\Users\d.laghi\AppData\Local\Programs\MiKTeX\tex/latex/amsfonts\umsa.fd
File: umsa.fd 2013/01/14 v3.01 AMS symbols A
)
LaTeX Font Info:    Trying to load font information for U+msb on input line 73.


(C:\Users\d.laghi\AppData\Local\Programs\MiKTeX\tex/latex/amsfonts\umsb.fd
File: umsb.fd 2013/01/14 v3.01 AMS symbols B
)
[1

{C:/Users/d.laghi/AppData/Local/MiKTeX/pdftex/config/pdftex.map}] [2


]
(jade.toc [1

])
\tf@toc=\write6
\openout6 = `jade.toc'.

 [2]
LaTeX Font Info:    Trying to load font information for TS1+qtm on input line 9
1.

(C:\Users\d.laghi\AppData\Local\Programs\MiKTeX\tex/latex/tex-gyre\ts1qtm.fd
File: ts1qtm.fd 2009/09/25 v1.2 font definition file for TS1/qtm
)
[1

] [2

]
Chapter 1.
<scheme.png, id=700, 466.8642pt x 282.8166pt>
LaTeX Font Info:    Trying to load font information for T1+txtt on input line 1
14.
(C:\Users\d.laghi\AppData\Local\Programs\MiKTeX\tex/latex/txfonts\t1txtt.fd
File: t1txtt.fd 2000/12/15 v3.1
)
File: scheme.png Graphic file (type png)
<use scheme.png>
Package pdftex.def Info: scheme.png  used on input line 114.
(pdftex.def)             Requested size: 451.68457pt x 273.62834pt.

[3 <./scheme.png>] [4]
Chapter 2.
[5

] [6]
Chapter 3.

Overfull \vbox (4.72195pt too high) detected at line 381
 []

[7

] [8] [9] [10]
Chapter 4.
<main.png, id=764, 778.70924pt x 87.32625pt>
File: main.png Graphic file (type png)
<use main.png>
Package pdftex.def Info: main.png  used on input line 526.
(pdftex.def)             Requested size: 451.68457pt x 50.65324pt.
[11

 <./main.png>]
<comp.jpg, id=771, 955.77075pt x 204.16275pt>
File: comp.jpg Graphic file (type jpg)
<use comp.jpg>
Package pdftex.def Info: comp.jpg  used on input line 553.
(pdftex.def)             Requested size: 451.68457pt x 96.4861pt.
LaTeX Font Info:    Trying to load font information for TS1+txtt on input line 
643.

(C:\Users\d.laghi\AppData\Local\Programs\MiKTeX\tex/latex/txfonts\ts1txtt.fd
File: ts1txtt.fd 2000/12/15 v3.1
)
[12 <./comp.jpg>]
<exp.jpg, id=778, 831.105pt x 90.93974pt>
File: exp.jpg Graphic file (type jpg)
<use exp.jpg>
Package pdftex.def Info: exp.jpg  used on input line 657.
(pdftex.def)             Requested size: 451.68457pt x 49.4231pt.
<lib.png, id=780, 195.73125pt x 102.3825pt>
File: lib.png Graphic file (type png)
<use lib.png>
Package pdftex.def Info: lib.png  used on input line 666.
(pdftex.def)             Requested size: 301.12305pt x 157.51956pt.
<activation.jpg, id=781, 443.85825pt x 274.626pt>
File: activation.jpg Graphic file (type jpg)
<use activation.jpg>
Package pdftex.def Info: activation.jpg  used on input line 682.
(pdftex.def)             Requested size: 451.68457pt x 279.47366pt.
 [13 <./exp.jpg> <./lib.png>] [14 <./activation.jpg>]
<excelbench.png, id=792, 317.988pt x 348.1005pt>
File: excelbench.png Graphic file (type png)
<use excelbench.png>
Package pdftex.def Info: excelbench.png  used on input line 758.
(pdftex.def)             Requested size: 451.68457pt x 494.48143pt.
 [15]
[16 <./excelbench.png>]
<atlasbench.png, id=803, 402.90524pt x 348.1005pt>
File: atlasbench.png Graphic file (type png)
<use atlasbench.png>
Package pdftex.def Info: atlasbench.png  used on input line 885.
(pdftex.def)             Requested size: 451.68457pt x 390.26826pt.
 [17] [18 <./atlasbench.png>] [19] [20

]
Chapter 5.
<main_menu.png, id=825, 399.29175pt x 553.46774pt>
File: main_menu.png Graphic file (type png)
<use main_menu.png>
Package pdftex.def Info: main_menu.png  used on input line 946.
(pdftex.def)             Requested size: 301.12305pt x 417.39688pt.
[21 <./main_menu.png>]
<compmenu.png, id=836, 451.6875pt x 355.92975pt>
File: compmenu.png Graphic file (type png)
<use compmenu.png>
Package pdftex.def Info: compmenu.png  used on input line 990.
(pdftex.def)             Requested size: 301.12305pt x 237.29858pt.
 [22 <./compmenu.png>]
<expmenu.png, id=843, 448.074pt x 350.5095pt>
File: expmenu.png Graphic file (type png)
<use expmenu.png>
Package pdftex.def Info: expmenu.png  used on input line 1051.
(pdftex.def)             Requested size: 301.12305pt x 235.55682pt.
 [23 <./expmenu.png>]
<postmenu.png, id=850, 452.892pt x 367.97475pt>
File: postmenu.png Graphic file (type png)
<use postmenu.png>
Package pdftex.def Info: postmenu.png  used on input line 1108.
(pdftex.def)             Requested size: 301.12305pt x 244.66644pt.
 [24 <./postmenu.png>] [25] [26

]
Chapter 6.
<sphere.png, id=869, 224.037pt x 222.5916pt>
File: sphere.png Graphic file (type png)
<use sphere.png>
Package pdftex.def Info: sphere.png  used on input line 1260.
(pdftex.def)             Requested size: 224.03644pt x 222.59105pt.
[27] [28 <./sphere.png>]
<iter1D.png, id=881, 542.5068pt x 542.025pt>
File: iter1D.png Graphic file (type png)
<use iter1D.png>
Package pdftex.def Info: iter1D.png  used on input line 1416.
(pdftex.def)             Requested size: 451.68457pt x 451.28664pt.
<materialsITER1D.png, id=882, 626.94225pt x 432.4155pt>
File: materialsITER1D.png Graphic file (type png)
<use materialsITER1D.png>
Package pdftex.def Info: materialsITER1D.png  used on input line 1438.
(pdftex.def)             Requested size: 451.68457pt x 311.53687pt.
 [29] [30 <./iter1D.png>] [31 <./materialsITER1D.png>]
[32]
<ITERCAD.png, id=903, 561.59813pt x 542.025pt>
File: ITERCAD.png Graphic file (type png)
<use ITERCAD.png>
Package pdftex.def Info: ITERCAD.png  used on input line 1590.
(pdftex.def)             Requested size: 451.68457pt x 435.93636pt.
<tbmCAD.png, id=904, 523.9575pt x 510.10574pt>
File: tbmCAD.png Graphic file (type png)
<use tbmCAD.png>
Package pdftex.def Info: tbmCAD.png  used on input line 1597.
(pdftex.def)             Requested size: 451.68457pt x 439.75652pt.
<HCPBcad.png, id=906, 604.659pt x 267.399pt>
File: HCPBcad.png Graphic file (type png)
<use HCPBcad.png>
Package pdftex.def Info: HCPBcad.png  used on input line 1623.
(pdftex.def)             Requested size: 451.68457pt x 199.74904pt.
<HCPBmcnp.png, id=907, 474.573pt x 140.9265pt>
File: HCPBmcnp.png Graphic file (type png)
<use HCPBmcnp.png>
Package pdftex.def Info: HCPBmcnp.png  used on input line 1630.
(pdftex.def)             Requested size: 451.68457pt x 134.131pt.
<WCLLcad.png, id=908, 531.1845pt x 391.4625pt>
File: WCLLcad.png Graphic file (type png)
<use WCLLcad.png>
Package pdftex.def Info: WCLLcad.png  used on input line 1637.
(pdftex.def)             Requested size: 451.68457pt x 332.88805pt.
<WCLLmcnp.png, id=909, 404.10976pt x 107.2005pt>
File: WCLLmcnp.png Graphic file (type png)
<use WCLLmcnp.png>
Package pdftex.def Info: WCLLmcnp.png  used on input line 1644.
(pdftex.def)             Requested size: 451.68457pt x 119.8249pt.
 [33] [34 <./ITERCAD.png>] [35 <./tbmCAD.png>] [36 <./HCPBcad.png> <./HCPBmcnp.
png>] [37 <./WCLLcad.png> <./WCLLmcnp.png>]
<cmodel.png, id=944, 384.25247pt x 476.16191pt>
File: cmodel.png Graphic file (type png)
<use cmodel.png>
Package pdftex.def Info: cmodel.png  used on input line 1720.
(pdftex.def)             Requested size: 451.68457pt x 559.72282pt.
 [38] [39 <./cmodel.png>]
<sphereSDDRgeom.png, id=957, 452.454pt x 358.503pt>
File: sphereSDDRgeom.png Graphic file (type png)
<use sphereSDDRgeom.png>
Package pdftex.def Info: sphereSDDRgeom.png  used on input line 1787.
(pdftex.def)             Requested size: 451.68457pt x 357.90038pt.

[40 <./sphereSDDRgeom.png>]
<cylSDDR.png, id=964, 2922.336pt x 1691.556pt>
File: cylSDDR.png Graphic file (type png)
<use cylSDDR.png>
Package pdftex.def Info: cylSDDR.png  used on input line 1952.
(pdftex.def)             Requested size: 451.68457pt x 261.43994pt.
 [41] [42 <./cylSDDR.png>] [43]
<oktaviansimplified.png, id=993, 785.334pt x 264.38776pt>
File: oktaviansimplified.png Graphic file (type png)
<use oktaviansimplified.png>
Package pdftex.def Info: oktaviansimplified.png  used on input line 2464.
(pdftex.def)             Requested size: 451.68457pt x 152.06615pt.
 [44] [45 <./oktaviansimplified.png>]
<fng.jpg, id=1007, 315.54507pt x 175.2932pt>
File: fng.jpg Graphic file (type jpg)
<use fng.jpg>
Package pdftex.def Info: fng.jpg  used on input line 2554.
(pdftex.def)             Requested size: 451.68457pt x 250.93217pt.
 [46 <./fng.jpg>]
Underfull \hbox (badness 10000) in paragraph at lines 3206--3206
[]\T1/qhv/m/n/10 Cooldown Time
 []


Underfull \hbox (badness 10000) in paragraph at lines 3206--3206
[]\T1/qhv/m/n/10 Cooldown Time
 []


Underfull \hbox (badness 10000) in paragraph at lines 3206--3206
[]\T1/qhv/m/n/10 Cooldown Time
 []


Underfull \hbox (badness 10000) in paragraph at lines 3206--3206
[]\T1/qhv/m/n/10 Ex-per-i-men-tal SDDR
 []


Underfull \hbox (badness 10000) in paragraph at lines 3206--3206
[]\T1/qhv/m/n/10 Rel-a-tive
 []

[47]
<daughtersFNG.png, id=1020, 518.61359pt x 335.2098pt>
File: daughtersFNG.png Graphic file (type png)
<use daughtersFNG.png>
Package pdftex.def Info: daughtersFNG.png  used on input line 3224.
(pdftex.def)             Requested size: 451.68457pt x 291.9575pt.
 [48] [49 <./daughtersFNG.png>] [50

]
Chapter 7.
<statchecks_sphere.png, id=1036, 508.90125pt x 100.12407pt>
File: statchecks_sphere.png Graphic file (type png)
<use statchecks_sphere.png>
Package pdftex.def Info: statchecks_sphere.png  used on input line 3301.
(pdftex.def)             Requested size: 451.68457pt x 88.87027pt.
<errors_sphere.png, id=1037, 506.6428pt x 99.37125pt>
File: errors_sphere.png Graphic file (type png)
<use errors_sphere.png>
Package pdftex.def Info: errors_sphere.png  used on input line 3308.
(pdftex.def)             Requested size: 451.68457pt x 88.59479pt.
<consistencysphere.png, id=1038, 507.39563pt x 102.3825pt>
File: consistencysphere.png Graphic file (type png)
<use consistencysphere.png>
Package pdftex.def Info: consistencysphere.png  used on input line 3315.
(pdftex.def)             Requested size: 451.68457pt x 91.14357pt.
<comparisonsphere.png, id=1039, 508.90125pt x 82.05656pt>
File: comparisonsphere.png Graphic file (type png)
<use comparisonsphere.png>
Package pdftex.def Info: comparisonsphere.png  used on input line 3322.
(pdftex.def)             Requested size: 451.68457pt x 72.83351pt.
[51 <./statchecks_sphere.png> <./errors_sphere.png> <./consistencysphere.png>]
<oktavexcel.png, id=1051, 410.13225pt x 166.221pt>
File: oktavexcel.png Graphic file (type png)
<use oktavexcel.png>
Package pdftex.def Info: oktavexcel.png  used on input line 3332.
(pdftex.def)             Requested size: 451.68457pt x 183.06429pt.
<statchecksgeneral.png, id=1052, 652.839pt x 395.076pt>
File: statchecksgeneral.png Graphic file (type png)
<use statchecksgeneral.png>
Package pdftex.def Info: statchecksgeneral.png  used on input line 3342.
(pdftex.def)             Requested size: 451.68457pt x 273.35025pt.
<errors.png, id=1053, 844.3545pt x 318.59026pt>
File: errors.png Graphic file (type png)
<use errors.png>
Package pdftex.def Info: errors.png  used on input line 3349.
(pdftex.def)             Requested size: 451.68457pt x 170.42708pt.
<column.png, id=1054, 280.6485pt x 309.5565pt>
File: column.png Graphic file (type png)
<use column.png>
Package pdftex.def Info: column.png  used on input line 3356.
(pdftex.def)             Requested size: 451.68457pt x 498.24794pt.
<matrix.png, id=1055, 1075.6185pt x 343.88475pt>
File: matrix.png Graphic file (type png)
<use matrix.png>
Package pdftex.def Info: matrix.png  used on input line 3363.
(pdftex.def)             Requested size: 451.68457pt x 144.40962pt.
<binned.png, id=1056, 542.025pt x 406.1574pt>
File: binned.png Graphic file (type png)
<use binned.png>
Package pdftex.def Info: binned.png  used on input line 3372.
(pdftex.def)             Requested size: 451.68457pt x 338.47398pt.

[52 <./comparisonsphere.png> <./oktavexcel.png>] [53 <./statchecksgeneral.png> 
<./errors.png>] [54 <./column.png>] [55 <./matrix.png> <./binned.png>]
<ratio.png, id=1086, 380.1402pt x 213.9192pt>
File: ratio.png Graphic file (type png)
<use ratio.png>
Package pdftex.def Info: ratio.png  used on input line 3377.
(pdftex.def)             Requested size: 451.68457pt x 254.18835pt.
<ratio2.png, id=1087, 542.025pt x 332.442pt>
File: ratio2.png Graphic file (type png)
<use ratio2.png>
Package pdftex.def Info: ratio2.png  used on input line 3379.
(pdftex.def)             Requested size: 451.68457pt x 277.04276pt.
 [56 <./ratio.png> <./ratio2.png>]
<exp.png, id=1094, 542.025pt x 406.1574pt>
File: exp.png Graphic file (type png)
<use exp.png>
Package pdftex.def Info: exp.png  used on input line 3384.
(pdftex.def)             Requested size: 451.68457pt x 338.47398pt.
<descreet.png, id=1095, 542.025pt x 434.3427pt>
File: descreet.png Graphic file (type png)
<use descreet.png>
Package pdftex.def Info: descreet.png  used on input line 3389.
(pdftex.def)             Requested size: 451.68457pt x 361.9624pt.
 [57 <./exp.png>]
<grouped.png, id=1102, 542.025pt x 405.4347pt>
File: grouped.png Graphic file (type png)
<use grouped.png>
Package pdftex.def Info: grouped.png  used on input line 3394.
(pdftex.def)             Requested size: 451.68457pt x 337.87172pt.
 [58 <./descreet.png>]
<waves.png, id=1108, 542.025pt x 407.5225pt>
File: waves.png Graphic file (type png)
<use waves.png>
Package pdftex.def Info: waves.png  used on input line 3399.
(pdftex.def)             Requested size: 451.68457pt x 339.6116pt.
 [59 <./grouped.png>] [60 <./waves.png>]
Chapter 8.
<printlib.png, id=1119, 523.35526pt x 127.07475pt>
File: printlib.png Graphic file (type png)
<use printlib.png>
Package pdftex.def Info: printlib.png  used on input line 3431.
(pdftex.def)             Requested size: 451.68457pt x 109.67383pt.
[61

 <./printlib.png>]
<Translation_logic.jpg, id=1128, 441.14813pt x 730.98094pt>
File: Translation_logic.jpg Graphic file (type jpg)
<use Translation_logic.jpg>
Package pdftex.def Info: Translation_logic.jpg  used on input line 3555.
(pdftex.def)             Requested size: 392.53983pt x 650.45946pt.


LaTeX Warning: Float too large for page by 24.18pt on input line 3556.

LaTeX Font Info:    Font shape `T1/txtt/b/n' in size <10> not available
(Font)              Font shape `T1/txtt/bx/n' tried instead on input line 3561.

[62] [63 <./Translation_logic.jpg>]
<printmat1.jpg, id=1148, 546.843pt x 492.6405pt>
File: printmat1.jpg Graphic file (type jpg)
<use printmat1.jpg>
Package pdftex.def Info: printmat1.jpg  used on input line 3602.
(pdftex.def)             Requested size: 451.68457pt x 406.92955pt.
 [64 <./printmat1.jpg>]
<printmat2.jpg, id=1154, 590.205pt x 542.025pt>
File: printmat2.jpg Graphic file (type jpg)
<use printmat2.jpg>
Package pdftex.def Info: printmat2.jpg  used on input line 3631.
(pdftex.def)             Requested size: 451.68457pt x 414.82146pt.
 [65 <./printmat2.jpg>]
<generate.png, id=1160, 716.07526pt x 117.43875pt>
File: generate.png Graphic file (type png)
<use generate.png>
Package pdftex.def Info: generate.png  used on input line 3672.
(pdftex.def)             Requested size: 451.68457pt x 74.07817pt.
 [66 <./generate.png>] [67] [68

]
Chapter 9.
LaTeX Font Info:    Font shape `T1/txtt/m/it' in size <10> not available
(Font)              Font shape `T1/txtt/m/sl' tried instead on input line 3776.


Overfull \vbox (1.5969pt too high) detected at line 3791
 []

[69] [70]
Chapter 10.
<notrun.PNG, id=1188, 357.7365pt x 324.61275pt>
File: notrun.PNG Graphic file (type png)
<use notrun.PNG>
Package pdftex.def Info: notrun.PNG  used on input line 3803.
(pdftex.def)             Requested size: 357.73561pt x 324.61194pt.
[71

 <./notrun.PNG>] [72]
Chapter 11.
[73

]
Overfull \vbox (1.10773pt too high) detected at line 3959
 []

[74] [75] [76

]
Chapter 12.
[77] [78

]
Chapter 13.
<OOPscheme.png, id=1237, 933.816pt x 522.753pt>
File: OOPscheme.png Graphic file (type png)
<use OOPscheme.png>
Package pdftex.def Info: OOPscheme.png  used on input line 4000.
(pdftex.def)             Requested size: 451.68457pt x 252.8489pt.
[79 <./OOPscheme.png>] [80]
Chapter 14.
[81

] [82] [83] [84] [85] [86]
Chapter 15.
[87

] [88] [89] [90] [91] [92] [93] [94] [95] [96] [97] [98] [99] [100] [101]
[102]
Chapter 16.
[103

] [104] [105] [106] [107] [108] [109] [110

]
Chapter 17.
[111] [112

]
Chapter 18.
[113] [114

]
Chapter 19.
[115]
Underfull \vbox (badness 10000) detected at line 8748
 []


Underfull \vbox (badness 10000) detected at line 8748
 []

[116]
Underfull \vbox (badness 10000) detected at line 8748
 []


Underfull \vbox (badness 10000) detected at line 8748
 []

[117]
Underfull \vbox (badness 10000) detected at line 8748
 []


Underfull \vbox (badness 10000) detected at line 8748
 []

[118]
Underfull \vbox (badness 10000) detected at line 8748
 []


Underfull \vbox (badness 10000) detected at line 8748
 []

[119]
Underfull \vbox (badness 10000) detected at line 8748
 []


Underfull \vbox (badness 10000) detected at line 8748
 []

[120]
Underfull \vbox (badness 10000) detected at line 8748
 []


Underfull \vbox (badness 10000) detected at line 8748
 []

[121]
Underfull \vbox (badness 10000) detected at line 8748
 []


Underfull \vbox (badness 10000) detected at line 8748
 []

[122]
Underfull \vbox (badness 10000) detected at line 8748
 []


Underfull \vbox (badness 10000) detected at line 8748
 []

[123]
Underfull \vbox (badness 10000) detected at line 8748
 []


Underfull \vbox (badness 10000) detected at line 8748
 []

[124]
Underfull \vbox (badness 10000) detected at line 8748
 []


Underfull \vbox (badness 10000) detected at line 8748
 []

[125]
Underfull \vbox (badness 10000) detected at line 8748
 []


Underfull \vbox (badness 10000) detected at line 8748
 []

[126]
Underfull \vbox (badness 10000) detected at line 8748
 []


Underfull \vbox (badness 10000) detected at line 8748
 []

[127]
Overfull \vbox (2.95134pt too high) detected at line 8813
 []

[128] [129] [130

]
Chapter 20.
<nier.png, id=1650, 502.87875pt x 201.00093pt>
File: nier.png Graphic file (type png)
<use nier.png>
Package pdftex.def Info: nier.png  used on input line 8823.
(pdftex.def)             Requested size: 301.12305pt x 120.35918pt.
<unibo.jpg, id=1651, 466.1415pt x 171.64125pt>
File: unibo.jpg Graphic file (type jpg)
<use unibo.jpg>
Package pdftex.def Info: unibo.jpg  used on input line 8825.
(pdftex.def)             Requested size: 301.12305pt x 110.8819pt.
<f4e.jpg, id=1652, 360.8682pt x 155.1396pt>
File: f4e.jpg Graphic file (type jpg)
<use f4e.jpg>
Package pdftex.def Info: f4e.jpg  used on input line 8827.
(pdftex.def)             Requested size: 301.12305pt x 129.46179pt.

Overfull \hbox (10.01123pt too wide) in paragraph at lines 8873--8876
[]|[][]\T1/qtm/m/n/10 marco.fabbri@f4e.europa.eu[][]| 
 []

[131 <./nier.png> <./unibo.jpg> <./f4e.jpg>] [132]
Chapter 21.
[133

] [134]
Chapter 22.
No file jade.ind.
[135

] (jade.aux)
Package rerunfilecheck Info: File `jade.out' has not changed.
(rerunfilecheck)             Checksum: E402816F635D34654659FAAF3F2D2742;21288.
 ) 
Here is how much of TeX's memory you used:
 15166 strings out of 478864
 235092 string characters out of 2847712
 1238072 words of memory out of 3000000
 32175 multiletter control sequences out of 15000+600000
 463971 words of font info for 73 fonts, out of 8000000 for 9000
 1142 hyphenation exceptions out of 8191
 72i,17n,80p,795b,682s stack positions out of 5000i,500n,10000p,200000b,80000s
{C:/Users/d.laghi/AppData/Local/Programs/MiKTeX/fonts/enc/dvips/tex-gyre/q-ts
1.enc}{C:/Users/d.laghi/AppData/Local/Programs/MiKTeX/fonts/enc/dvips/tex-gyre/
q-ec.enc}<C:/Users/d.laghi/AppData/Local/Programs/MiKTeX/fonts/type1/public/ams
fonts/cm/cmex10.pfb><C:/Users/d.laghi/AppData/Local/Programs/MiKTeX/fonts/type1
/public/amsfonts/cm/cmmi10.pfb><C:/Users/d.laghi/AppData/Local/Programs/MiKTeX/
fonts/type1/public/amsfonts/cm/cmmi5.pfb><C:/Users/d.laghi/AppData/Local/Progra
ms/MiKTeX/fonts/type1/public/amsfonts/cm/cmmi7.pfb><C:/Users/d.laghi/AppData/Lo
cal/Programs/MiKTeX/fonts/type1/public/amsfonts/cm/cmr10.pfb><C:/Users/d.laghi/
AppData/Local/Programs/MiKTeX/fonts/type1/public/amsfonts/cm/cmsy10.pfb><C:/Use
rs/d.laghi/AppData/Local/Programs/MiKTeX/fonts/type1/public/amsfonts/cm/cmsy5.p
fb><C:/Users/d.laghi/AppData/Local/Programs/MiKTeX/fonts/type1/public/tex-gyre/
qhvb.pfb><C:/Users/d.laghi/AppData/Local/Programs/MiKTeX/fonts/type1/public/tex
-gyre/qhvbi.pfb><C:/Users/d.laghi/AppData/Local/Programs/MiKTeX/fonts/type1/pub
lic/tex-gyre/qhvr.pfb><C:/Users/d.laghi/AppData/Local/Programs/MiKTeX/fonts/typ
e1/public/tex-gyre/qtmb.pfb><C:/Users/d.laghi/AppData/Local/Programs/MiKTeX/fon
ts/type1/public/tex-gyre/qtmr.pfb><C:/Users/d.laghi/AppData/Local/Programs/MiKT
eX/fonts/type1/public/tex-gyre/qtmri.pfb><C:/Users/d.laghi/AppData/Local/Progra
ms/MiKTeX/fonts/type1/public/txfonts/t1xbtt.pfb><C:/Users/d.laghi/AppData/Local
/Programs/MiKTeX/fonts/type1/public/txfonts/t1xtt.pfb><C:/Users/d.laghi/AppData
/Local/Programs/MiKTeX/fonts/type1/public/txfonts/t1xtt.pfb><C:/Users/d.laghi/A
ppData/Local/Programs/MiKTeX/fonts/type1/public/txfonts/tcxtt.pfb>
Output written on jade.pdf (139 pages, 7778853 bytes).
PDF statistics:
 1849 PDF objects out of 2073 (max. 8388607)
 485 named destinations out of 1000 (max. 500000)
 1446 words of extra memory for PDF output out of 10000 (max. 10000000)

