\BOOKMARK [0][-]{chapter.1}{\376\377\000J\000A\000D\000E\000\040\000i\000n\000\040\000a\000\040\000n\000u\000t\000s\000h\000e\000l\000l}{}% 1
\BOOKMARK [0][-]{chapter.2}{\376\377\000I\000n\000s\000t\000a\000l\000l\000a\000t\000i\000o\000n}{}% 2
\BOOKMARK [0][-]{chapter.3}{\376\377\000F\000o\000l\000d\000e\000r\000\040\000S\000t\000r\000u\000c\000t\000u\000r\000e}{}% 3
\BOOKMARK [1][-]{section.3.1}{\376\377\000B\000e\000n\000c\000h\000m\000a\000r\000k\000\040\000i\000n\000p\000u\000t\000s}{chapter.3}% 4
\BOOKMARK [1][-]{section.3.2}{\376\377\000C\000o\000d\000e}{chapter.3}% 5
\BOOKMARK [1][-]{section.3.3}{\376\377\000C\000o\000n\000f\000i\000g\000u\000r\000a\000t\000i\000o\000n}{chapter.3}% 6
\BOOKMARK [1][-]{section.3.4}{\376\377\000E\000x\000p\000e\000r\000i\000m\000e\000n\000t\000a\000l\000\040\000r\000e\000s\000u\000l\000t\000s}{chapter.3}% 7
\BOOKMARK [1][-]{section.3.5}{\376\377\000Q\000u\000a\000l\000i\000t\000y}{chapter.3}% 8
\BOOKMARK [1][-]{section.3.6}{\376\377\000T\000e\000s\000t\000s}{chapter.3}% 9
\BOOKMARK [1][-]{section.3.7}{\376\377\000U\000t\000i\000l\000i\000t\000i\000e\000s}{chapter.3}% 10
\BOOKMARK [0][-]{chapter.4}{\376\377\000C\000o\000n\000f\000i\000g\000u\000r\000a\000t\000i\000o\000n}{}% 11
\BOOKMARK [1][-]{section.4.1}{\376\377\000M\000a\000i\000n\000\040\000C\000o\000n\000f\000i\000g\000u\000r\000a\000t\000i\000o\000n}{chapter.4}% 12
\BOOKMARK [1][-]{section.4.2}{\376\377\000A\000c\000t\000i\000v\000a\000t\000i\000o\000n\000\040\000F\000i\000l\000e}{chapter.4}% 13
\BOOKMARK [1][-]{section.4.3}{\376\377\000B\000e\000n\000c\000h\000m\000a\000r\000k\000\040\000r\000u\000n\000\040\000c\000o\000n\000f\000i\000g\000u\000r\000a\000t\000i\000o\000n}{chapter.4}% 14
\BOOKMARK [1][-]{section.4.4}{\376\377\000B\000e\000n\000c\000h\000m\000a\000r\000k\000\040\000p\000o\000s\000t\000-\000p\000r\000o\000c\000e\000s\000s\000i\000n\000g\000\040\000c\000o\000n\000f\000i\000g\000u\000r\000a\000t\000i\000o\000n}{chapter.4}% 15
\BOOKMARK [0][-]{chapter.5}{\376\377\000U\000s\000a\000g\000e}{}% 16
\BOOKMARK [1][-]{section.5.1}{\376\377\000Q\000u\000a\000l\000i\000t\000y\000\040\000c\000h\000e\000c\000k\000\040\000m\000e\000n\000u}{chapter.5}% 17
\BOOKMARK [1][-]{section.5.2}{\376\377\000C\000o\000m\000p\000u\000t\000a\000t\000i\000o\000n\000a\000l\000\040\000B\000e\000n\000c\000h\000m\000a\000r\000k\000\040\000m\000e\000n\000u}{chapter.5}% 18
\BOOKMARK [1][-]{section.5.3}{\376\377\000E\000x\000p\000e\000r\000i\000m\000e\000n\000t\000a\000l\000\040\000B\000e\000n\000c\000h\000m\000a\000r\000k\000\040\000m\000e\000n\000u}{chapter.5}% 19
\BOOKMARK [1][-]{section.5.4}{\376\377\000P\000o\000s\000t\000-\000p\000r\000o\000c\000e\000s\000s\000i\000n\000g\000\040\000m\000e\000n\000u}{chapter.5}% 20
\BOOKMARK [0][-]{chapter.6}{\376\377\000D\000e\000f\000a\000u\000l\000t\000\040\000B\000e\000n\000c\000h\000m\000a\000r\000k\000s}{}% 21
\BOOKMARK [1][-]{section.6.1}{\376\377\000C\000o\000m\000p\000u\000t\000a\000t\000i\000o\000n\000a\000l\000\040\000B\000e\000n\000c\000h\000m\000a\000r\000k\000s}{chapter.6}% 22
\BOOKMARK [1][-]{section.6.2}{\376\377\000E\000x\000p\000e\000r\000i\000m\000e\000n\000t\000a\000l\000\040\000B\000e\000n\000c\000h\000m\000a\000r\000k\000s}{chapter.6}% 23
\BOOKMARK [0][-]{chapter.7}{\376\377\000P\000o\000s\000t\000-\000P\000r\000o\000c\000e\000s\000s\000i\000n\000g\000\040\000G\000a\000l\000l\000e\000r\000y}{}% 24
\BOOKMARK [1][-]{section.7.1}{\376\377\000E\000x\000c\000e\000l\000\040\000o\000u\000t\000p\000u\000t}{chapter.7}% 25
\BOOKMARK [1][-]{section.7.2}{\376\377\000P\000l\000o\000t\000s\000\040\000A\000t\000l\000a\000s}{chapter.7}% 26
\BOOKMARK [0][-]{chapter.8}{\376\377\000U\000t\000i\000l\000i\000t\000i\000e\000s}{}% 27
\BOOKMARK [1][-]{section.8.1}{\376\377\000P\000r\000i\000n\000t\000\040\000a\000v\000a\000i\000l\000a\000b\000l\000e\000\040\000l\000i\000b\000r\000a\000r\000i\000e\000s}{chapter.8}% 28
\BOOKMARK [1][-]{section.8.2}{\376\377\000R\000e\000s\000t\000o\000r\000e\000\040\000d\000e\000f\000a\000u\000l\000t\000\040\000c\000o\000n\000f\000i\000g\000u\000r\000a\000t\000i\000o\000n\000s}{chapter.8}% 29
\BOOKMARK [1][-]{section.8.3}{\376\377\000T\000r\000a\000n\000s\000l\000a\000t\000e\000\040\000a\000n\000\040\000M\000C\000N\000P\000\040\000i\000n\000p\000u\000t}{chapter.8}% 30
\BOOKMARK [1][-]{section.8.4}{\376\377\000P\000r\000i\000n\000t\000\040\000m\000a\000t\000e\000r\000i\000a\000l\000s\000\040\000i\000n\000f\000o}{chapter.8}% 31
\BOOKMARK [1][-]{section.8.5}{\376\377\000G\000e\000n\000e\000r\000a\000t\000e\000\040\000m\000a\000t\000e\000r\000i\000a\000l\000\040\000m\000i\000x\000t\000u\000r\000e}{chapter.8}% 32
\BOOKMARK [1][-]{section.8.6}{\376\377\000S\000w\000i\000t\000c\000h\000\040\000m\000a\000t\000e\000r\000i\000a\000l\000\040\000f\000r\000a\000c\000t\000i\000o\000n\000s}{chapter.8}% 33
\BOOKMARK [1][-]{section.8.7}{\376\377\000C\000h\000a\000n\000g\000e\000\040\000.\000a\000c\000e\000\040\000l\000i\000b\000r\000a\000r\000i\000e\000s\000\040\000s\000u\000f\000f\000i\000x}{chapter.8}% 34
\BOOKMARK [1][-]{section.8.8}{\376\377\000P\000r\000o\000d\000u\000c\000e\000\040\000D\0001\000S\000-\000U\000N\000E\000D\000\040\000r\000e\000a\000c\000t\000i\000o\000n\000\040\000f\000i\000l\000e\000s}{chapter.8}% 35
\BOOKMARK [0][-]{chapter.9}{\376\377\000T\000i\000p\000s\000\040\000\046\000\040\000T\000r\000i\000c\000k\000s}{}% 36
\BOOKMARK [1][-]{section.9.1}{\376\377\000E\000x\000t\000e\000r\000n\000a\000l\000\040\000R\000u\000n\000\040\000o\000f\000\040\000a\000\040\000b\000e\000n\000c\000h\000m\000a\000r\000k}{chapter.9}% 37
\BOOKMARK [1][-]{section.9.2}{\376\377\000C\000h\000a\000n\000g\000e\000\040\000t\000h\000e\000\040\000p\000l\000o\000t\000s\000\040\000f\000o\000n\000t\000s\000i\000z\000e\000s}{chapter.9}% 38
\BOOKMARK [0][-]{chapter.10}{\376\377\000I\000n\000s\000e\000r\000t\000\040\000C\000u\000s\000t\000o\000m\000\040\000B\000e\000n\000c\000h\000m\000a\000r\000k\000s}{}% 39
\BOOKMARK [1][-]{section.10.1}{\376\377\000I\000n\000s\000e\000r\000t\000\040\000C\000u\000s\000t\000o\000m\000\040\000C\000o\000m\000p\000u\000t\000a\000t\000i\000o\000n\000a\000l\000\040\000B\000e\000n\000c\000h\000m\000a\000r\000k}{chapter.10}% 40
\BOOKMARK [1][-]{section.10.2}{\376\377\000I\000n\000s\000e\000r\000t\000\040\000C\000u\000s\000t\000o\000m\000\040\000E\000x\000p\000e\000r\000i\000m\000e\000n\000t\000a\000l\000\040\000B\000e\000n\000c\000h\000m\000a\000r\000k}{chapter.10}% 41
\BOOKMARK [0][-]{chapter.11}{\376\377\000M\000o\000d\000i\000f\000y\000\040\000d\000o\000c\000u\000m\000e\000n\000t\000a\000t\000i\000o\000n}{}% 42
\BOOKMARK [0][-]{chapter.12}{\376\377\000G\000e\000n\000e\000r\000a\000l\000\040\000O\000O\000P\000\040\000s\000c\000h\000e\000m\000e}{}% 43
\BOOKMARK [1][-]{section.12.1}{\376\377\000U\000t\000i\000l\000i\000t\000i\000e\000s}{chapter.12}% 44
\BOOKMARK [1][-]{section.12.2}{\376\377\000B\000e\000n\000c\000h\000m\000a\000r\000k\000s\000\040\000g\000e\000n\000e\000r\000a\000t\000i\000o\000n\000\040\000a\000n\000d\000\040\000r\000u\000n}{chapter.12}% 45
\BOOKMARK [1][-]{section.12.3}{\376\377\000P\000o\000s\000t\000-\000p\000r\000o\000c\000e\000s\000s\000i\000n\000g}{chapter.12}% 46
\BOOKMARK [0][-]{chapter.13}{\376\377\000J\000A\000D\000E\000\040\000S\000e\000s\000s\000i\000o\000n}{}% 47
\BOOKMARK [1][-]{section.13.1}{\376\377\000m\000a\000i\000n\000\040\000m\000o\000d\000u\000l\000e}{chapter.13}% 48
\BOOKMARK [1][-]{section.13.2}{\376\377\000l\000i\000b\000m\000a\000n\000a\000g\000e\000r\000\040\000m\000o\000d\000u\000l\000e}{chapter.13}% 49
\BOOKMARK [1][-]{section.13.3}{\376\377\000s\000t\000a\000t\000e\000\040\000m\000o\000d\000u\000l\000e}{chapter.13}% 50
\BOOKMARK [1][-]{section.13.4}{\376\377\000c\000o\000n\000f\000i\000g\000u\000r\000a\000t\000i\000o\000n\000\040\000m\000o\000d\000u\000l\000e}{chapter.13}% 51
\BOOKMARK [0][-]{chapter.14}{\376\377\000I\000n\000p\000u\000t\000\040\000G\000e\000n\000e\000r\000a\000t\000i\000o\000n}{}% 52
\BOOKMARK [1][-]{section.14.1}{\376\377\000m\000a\000t\000r\000e\000a\000d\000e\000r\000\040\000m\000o\000d\000u\000l\000e}{chapter.14}% 53
\BOOKMARK [1][-]{section.14.2}{\376\377\000t\000e\000s\000t\000r\000u\000n\000\040\000m\000o\000d\000u\000l\000e}{chapter.14}% 54
\BOOKMARK [1][-]{section.14.3}{\376\377\000i\000n\000p\000u\000t\000f\000i\000l\000e\000\040\000m\000o\000d\000u\000l\000e}{chapter.14}% 55
\BOOKMARK [1][-]{section.14.4}{\376\377\000p\000a\000r\000s\000e\000r\000s\000D\0001\000S\000\040\000m\000o\000d\000u\000l\000e}{chapter.14}% 56
\BOOKMARK [0][-]{chapter.15}{\376\377\000P\000o\000s\000t\000-\000P\000r\000o\000c\000e\000s\000s\000i\000n\000g}{}% 57
\BOOKMARK [1][-]{section.15.1}{\376\377\000o\000u\000t\000p\000u\000t\000\040\000m\000o\000d\000u\000l\000e}{chapter.15}% 58
\BOOKMARK [1][-]{section.15.2}{\376\377\000e\000x\000p\000o\000u\000t\000p\000u\000t\000\040\000m\000o\000d\000u\000l\000e}{chapter.15}% 59
\BOOKMARK [1][-]{section.15.3}{\376\377\000p\000l\000o\000t\000t\000e\000r\000\040\000m\000o\000d\000u\000l\000e}{chapter.15}% 60
\BOOKMARK [0][-]{chapter.16}{\376\377\000J\000A\000D\000E\000\040\000T\000e\000s\000t\000i\000n\000g}{}% 61
\BOOKMARK [0][-]{chapter.17}{\376\377\000L\000i\000c\000e\000n\000s\000e}{}% 62
\BOOKMARK [1][-]{section.17.1}{\376\377\000G\000N\000U\000\040\000G\000P\000L\000v\0003\000\040\000L\000i\000c\000e\000n\000s\000e}{chapter.17}% 63
\BOOKMARK [1][-]{section.17.2}{\376\377\000P\000y\000n\000e\000\040\000L\000i\000c\000e\000n\000s\000e}{chapter.17}% 64
\BOOKMARK [0][-]{chapter.18}{\376\377\000C\000o\000n\000t\000r\000i\000b\000u\000t\000o\000r\000s}{}% 65
\BOOKMARK [0][-]{chapter.19}{\376\377\000L\000i\000s\000t\000\040\000o\000f\000\040\000P\000u\000b\000l\000i\000c\000a\000t\000i\000o\000n\000s\000\040\000a\000n\000d\000\040\000C\000o\000n\000t\000r\000i\000b\000u\000t\000i\000o\000n\000s}{}% 66
\BOOKMARK [1][-]{section.19.1}{\376\377\000P\000u\000b\000l\000i\000c\000a\000t\000i\000o\000n\000s\000\040\000f\000e\000a\000t\000u\000r\000i\000n\000g\000\040\000J\000A\000D\000E}{chapter.19}% 67
\BOOKMARK [1][-]{section.19.2}{\376\377\000B\000e\000n\000c\000h\000m\000a\000r\000k\000s\000\040\000R\000e\000l\000a\000t\000e\000d\000\040\000P\000u\000b\000l\000i\000c\000a\000t\000i\000o\000n\000s}{chapter.19}% 68
\BOOKMARK [1][-]{section.19.3}{\376\377\000M\000i\000s\000c\000e\000l\000l\000a\000n\000e\000o\000u\000s}{chapter.19}% 69
\BOOKMARK [0][-]{chapter.20}{\376\377\000I\000n\000d\000i\000c\000e\000s\000\040\000a\000n\000d\000\040\000t\000a\000b\000l\000e\000s}{}% 70
